/root
/lost
/run/sudo
/run/initramfs
/tmp/tmux
/tmp/tmux
/tmp/tmux
/tmp/tmux
/tmp/tmux
/tmp/tmux
/tmp/tmux
/tmp/tmux
/tmp/tmux
/tmp/tmux
/tmp/tmux
/tmp/tmux
/tmp/tmux
/tmp/tmux
/tmp/tmux
/tmp/tmux
/tmp/tmux
/tmp/tmux
/tmp/tmux
/tmp/tmux
/tmp/tmux
/tmp/tmux
/tmp/tmux
/tmp/tmux
/tmp/tmux
/tmp/tmux
/tmp/tmux
/tmp/tmux
/tmp/tmux
/tmp/tmux
/tmp/tmux
/tmp/tmux
/tmp/tmux
/tmp/tmux
/tmp/tmux
/tmp/tmux
/tmp/tmux
/tmp/tmux
/tmp/tmux
/tmp/tmux
/tmp/tmux
/tmp/tmux
/tmp/tmux
/tmp/tmux
/tmp/tmux
/tmp/tmux
/tmp/tmux
/tmp/tmux
/tmp/tmux
/tmp/tmux
/tmp/tmux
/tmp/tmux
/tmp/tmux
/tmp/tmux
/tmp/tmux
/tmp/tmux
/tmp/tmux
/tmp/tmux
/tmp/tmux
/tmp/tmux
/tmp/tmux
/tmp/tmux
/tmp/tmux
/tmp/tmux
/tmp/tmux
/tmp/tmux
/tmp/tmux
/tmp/tmux
/tmp/tmux
/tmp/tmux
/tmp/tmux
/tmp/tmux
/tmp/tmux
/tmp/tmux
/tmp/tmux
/tmp/tmux
/tmp/tmux
/tmp/tmux
/tmp/tmux
/tmp/tmux
/tmp/tmux
/tmp/tmux
/tmp/tmux
/home/nadezhda
/home/irka
/home/kpacu
/home/tgg
/home/lost
/home/human
/home/rado
