/proc/tty/driver
/proc/1/fd
/proc/1/map_files
/proc/2/fd
/proc/2/map_files
/proc/3/fd
/proc/3/map_files
/proc/4/fd
/proc/4/map_files
/proc/5/fd
/proc/5/map_files
/proc/6/fd
/proc/6/map_files
/proc/8/fd
/proc/8/map_files
/proc/10/fd
/proc/10/map_files
/proc/11/fd
/proc/11/map_files
/proc/12/fd
/proc/12/map_files
/proc/13/fd
/proc/13/map_files
/proc/14/fd
/proc/14/map_files
/proc/15/fd
/proc/15/map_files
/proc/16/fd
/proc/16/map_files
/proc/18/fd
/proc/18/map_files
/proc/19/fd
/proc/19/map_files
/proc/20/fd
/proc/20/map_files
/proc/21/fd
/proc/21/map_files
/proc/23/fd
/proc/23/map_files
/proc/24/fd
/proc/24/map_files
/proc/25/fd
/proc/25/map_files
/proc/26/fd
/proc/26/map_files
/proc/28/fd
/proc/28/map_files
/proc/29/fd
/proc/29/map_files
/proc/30/fd
/proc/30/map_files
/proc/31/fd
/proc/31/map_files
/proc/33/fd
/proc/33/map_files
/proc/38/fd
/proc/38/map_files
/proc/39/fd
/proc/39/map_files
/proc/40/fd
/proc/40/map_files
/proc/41/fd
/proc/41/map_files
/proc/42/fd
/proc/42/map_files
/proc/43/fd
/proc/43/map_files
/proc/44/fd
/proc/44/map_files
/proc/45/fd
/proc/45/map_files
/proc/46/fd
/proc/46/map_files
/proc/47/fd
/proc/47/map_files
/proc/48/fd
/proc/48/map_files
/proc/49/fd
/proc/49/map_files
/proc/50/fd
/proc/50/map_files
/proc/51/fd
/proc/51/map_files
/proc/52/fd
/proc/52/map_files
/proc/53/fd
/proc/53/map_files
/proc/54/fd
/proc/54/map_files
/proc/62/fd
/proc/62/map_files
/proc/64/fd
/proc/64/map_files
/proc/66/fd
/proc/66/map_files
/proc/67/fd
/proc/67/map_files
/proc/72/fd
/proc/72/map_files
/proc/77/fd
/proc/77/map_files
/proc/78/fd
/proc/78/map_files
/proc/122/fd
/proc/122/map_files
/proc/144/fd
/proc/144/map_files
/proc/145/fd
/proc/145/map_files
/proc/173/fd
/proc/173/map_files
/proc/174/fd
/proc/174/map_files
/proc/381/fd
/proc/381/map_files
/proc/439/fd
/proc/439/map_files
/proc/440/fd
/proc/440/map_files
/proc/447/fd
/proc/447/map_files
/proc/448/fd
/proc/448/map_files
/proc/449/fd
/proc/449/map_files
/proc/450/fd
/proc/450/map_files
/proc/895/fd
/proc/895/map_files
/proc/896/fd
/proc/896/map_files
/proc/1189/fd
/proc/1189/map_files
/proc/1246/fd
/proc/1246/map_files
/proc/1247/fd
/proc/1247/map_files
/proc/1258/fd
/proc/1258/map_files
/proc/1263/fd
/proc/1263/map_files
/proc/1305/fd
/proc/1305/map_files
/proc/1318/fd
/proc/1318/map_files
/proc/1319/fd
/proc/1319/map_files
/proc/1362/fd
/proc/1362/map_files
/proc/1365/fd
/proc/1365/map_files
/proc/1774/fd
/proc/1774/map_files
/proc/1776/fd
/proc/1776/map_files
/proc/1781/fd
/proc/1781/map_files
/proc/1782/fd
/proc/1782/map_files
/proc/1783/fd
/proc/1783/map_files
/proc/1784/fd
/proc/1784/map_files
/proc/1785/fd
/proc/1785/map_files
/proc/1786/fd
/proc/1786/map_files
/proc/1853/fd
/proc/1853/map_files
/proc/1858/fd
/proc/1858/map_files
/proc/1924/fd
/proc/1924/map_files
/proc/1925/fd
/proc/1925/map_files
/proc/2481/fd
/proc/2481/map_files
/proc/2495/fd
/proc/2495/map_files
/proc/2496/fd
/proc/2496/map_files
/proc/3199/fd
/proc/3199/map_files
/proc/3213/fd
/proc/3213/map_files
/proc/3214/fd
/proc/3214/map_files
/proc/3398/fd
/proc/3398/map_files
/proc/3443/fd
/proc/3443/map_files
/proc/3727/fd
/proc/3727/map_files
/proc/3733/fd
/proc/3733/map_files
/proc/3734/fd
/proc/3734/map_files
/proc/4001/fd
/proc/4001/map_files
/proc/4013/fd
/proc/4013/map_files
/proc/4014/fd
/proc/4014/map_files
/proc/4851/fd
/proc/4851/map_files
/proc/5232/fd
/proc/5232/map_files
/proc/6379/fd
/proc/6379/map_files
/proc/6405/fd
/proc/6405/map_files
/proc/6406/fd
/proc/6406/map_files
/proc/6427/fd
/proc/6427/map_files
/proc/6451/fd
/proc/6451/map_files
/proc/6452/fd
/proc/6452/map_files
/proc/6579/fd
/proc/6579/map_files
/proc/7416/fd
/proc/7416/map_files
/proc/7612/fd
/proc/7612/map_files
/proc/8107/fd
/proc/8107/map_files
/proc/8297/fd
/proc/8297/map_files
/proc/8307/fd
/proc/8307/map_files
/proc/8308/fd
/proc/8308/map_files
/proc/8388/fd
/proc/8388/map_files
/proc/8398/fd
/proc/8398/map_files
/proc/8399/fd
/proc/8399/map_files
/proc/8882/fd
/proc/8882/map_files
/proc/8892/fd
/proc/8892/map_files
/proc/8893/fd
/proc/8893/map_files
/proc/9820/fd
/proc/9820/map_files
/proc/9907/fd
/proc/9907/map_files
/proc/9938/fd
/proc/9938/map_files
/proc/10459/fd
/proc/10459/map_files
/proc/11439/fd
/proc/11439/map_files
/proc/11447/fd
/proc/11447/map_files
/proc/11448/fd
/proc/11448/map_files
/proc/11838/fd
/proc/11838/map_files
/proc/11905/fd
/proc/11905/map_files
/proc/11921/fd
/proc/11921/map_files
/proc/11936/fd
/proc/11936/map_files
/proc/11966/fd
/proc/11966/map_files
/proc/11972/fd
/proc/11972/map_files
/proc/12762/fd
/proc/12762/map_files
/proc/12774/fd
/proc/12774/map_files
/proc/12775/fd
/proc/12775/map_files
/proc/12991/fd
/proc/12991/map_files
/proc/12992/fd
/proc/12992/map_files
/proc/14512/fd
/proc/14512/map_files
/proc/14546/fd
/proc/14546/map_files
/proc/14547/fd
/proc/14547/map_files
/proc/14574/fd
/proc/14574/map_files
/proc/14792/fd
/proc/14792/map_files
/proc/15527/fd
/proc/15527/map_files
/proc/17580/fd
/proc/17580/map_files
/proc/18376/fd
/proc/18376/map_files
/proc/18377/fd
/proc/18377/map_files
/proc/18794/fd
/proc/18794/map_files
/proc/19229/fd
/proc/19229/map_files
/proc/19237/fd
/proc/19237/map_files
/proc/19238/fd
/proc/19238/map_files
/proc/19267/fd
/proc/19267/map_files
/proc/19569/fd
/proc/19569/map_files
/proc/19577/fd
/proc/19577/map_files
/proc/19578/fd
/proc/19578/map_files
/proc/21074/fd
/proc/21074/map_files
/proc/21508/fd
/proc/21508/map_files
/proc/21778/fd
/proc/21778/map_files
/proc/21779/fd
/proc/21779/map_files
/proc/21797/fd
/proc/21797/map_files
/proc/23152/fd
/proc/23152/map_files
/proc/23153/fd
/proc/23153/map_files
/proc/23776/fd
/proc/23776/map_files
/proc/23782/fd
/proc/23782/map_files
/proc/23783/fd
/proc/23783/map_files
/proc/24104/fd
/proc/24104/map_files
/proc/24368/fd
/proc/24368/map_files
/proc/24998/fd
/proc/24998/map_files
/proc/25006/fd
/proc/25006/map_files
/proc/25007/fd
/proc/25007/map_files
/proc/25167/fd
/proc/25167/map_files
/proc/25540/fd
/proc/25540/map_files
/proc/25566/fd
/proc/25566/map_files
/proc/25569/fd
/proc/25569/map_files
/proc/25667/fd
/proc/25667/map_files
/proc/25681/fd
/proc/25681/map_files
/proc/25711/fd
/proc/25711/map_files
/proc/25749/fd
/proc/25749/map_files
/proc/25761/fd
/proc/25761/map_files
/proc/25785/fd
/proc/25785/map_files
/proc/25791/fd
/proc/25791/map_files
/proc/25792/fd
/proc/25792/map_files
/proc/25800/fd
/proc/25800/map_files
/proc/25801/fd
/proc/25801/map_files
/proc/25912/fd
/proc/25912/map_files
/proc/25913/fd
/proc/25913/map_files
/proc/27323/fd
/proc/27323/map_files
/proc/27324/fd
/proc/27324/map_files
/proc/27459/fd
/proc/27459/map_files
/proc/29067/fd
/proc/29067/map_files
/proc/30607/fd
/proc/30607/map_files
/proc/31324/fd
/proc/31324/map_files
/proc/31338/fd
/proc/31338/map_files
/proc/31625/fd
/proc/31625/map_files
/proc/31630/fd
/proc/31630/map_files
/root
/etc/munin/plugin-conf.d
/etc/ssl/private
/lost+found
/run/initramfs
/tmp/tmux-1154
/tmp/tmux-1158
/tmp/tmux-1152
/tmp/tmux-1151
/tmp/tmux-1194
/tmp/tmux-1214
/tmp/tmux-1283
/tmp/tmux-1113
/tmp/tmux-1160
/tmp/tmux-1141
/tmp/tmux-1145
/tmp/tmux-1128
/tmp/tmux-1144
/tmp/tmux-1240
/tmp/tmux-1303
/tmp/tmux-1268
/tmp/tmux-1269
/tmp/tmux-1261
/tmp/tmux-1265
/tmp/tmux-1136
/tmp/tmux-1138
/tmp/tmux-1188
/tmp/tmux-1204
/tmp/tmux-1201
/tmp/tmux-1172
/tmp/tmux-1262
/tmp/tmux-1239
/tmp/tmux-1260
/tmp/tmux-1219
/tmp/tmux-1288
/tmp/tmux-1212
/tmp/tmux-1282
/tmp/tmux-1123
/tmp/tmux-1119
/tmp/tmux-1114
/tmp/tmux-1305
/tmp/tmux-1259
/tmp/tmux-1325
/tmp/tmux-1238
/tmp/tmux-1218
/tmp/tmux-1236
/tmp/tmux-1231
/tmp/tmux-1222
/tmp/tmux-1313
/tmp/tmux-1077
/tmp/tmux-1182
/tmp/tmux-1176
/tmp/tmux-1129
/tmp/tmux-1112
/tmp/tmux-1192
/tmp/tmux-1132
/tmp/tmux-1190
/tmp/tmux-1197
/tmp/tmux-1244
/tmp/tmux-1237
/tmp/tmux-1223
/tmp/tmux-1323
/tmp/tmux-1137
/tmp/tmux-1217
/tmp/tmux-1336
/tmp/tmux-1187
/tmp/tmux-1155
/tmp/tmux-1225
/tmp/tmux-1257
/tmp/tmux-1072
/tmp/tmux-1292
/tmp/tmux-1093
/tmp/tmux-1315
/tmp/tmux-1117
/tmp/tmux-1332
/tmp/tmux-1334
/tmp/tmux-1101
/tmp/tmux-1200
/tmp/tmux-1168
/tmp/tmux-1183
/tmp/tmux-1126
/tmp/tmux-1127
/tmp/tmux-1227
/tmp/tmux-1271
/tmp/tmux-1234
/tmp/tmux-1270
/tmp/tmux-1002
/tmp/tmux-1251
/home/nadezhda
/home/irka
/home/kpacu
/home/tgg
/home/students/s0600227
/home/students/s0600068
/home/students/s62616
/home/students/s0600061
/home/students/s0600076
/home/students/s0600206
/home/students/s0600175
/home/students/s0600060
/home/students/s0600131
/home/students/s0600001
/home/students/s0600211
/home/students/s62371
/home/students/s0600150
/home/students/s0600202
/home/students/s0600218
/home/students/s0600209
/home/students/s0600409
/home/students/s0600172
/home/students/s0600204
/home/students/s62316
/home/students/s62524
/home/students/s62581
/home/students/s62307
/home/students/s62409
/home/students/s45628
/home/students/s0600075
/home/students/s0600124
/home/students/s0600127
/home/students/s45615
/home/students/s0600181
/home/students/s8000043
/home/students/s0600180
/home/students/s62440
/home/students/s62643
/home/students/s0600253
/home/students/s62408
/home/students/s0600250
/home/students/s62574
/home/students/s62519
/home/students/s62385
/home/students/s0600070
/home/students/s0600267
/home/students/s0600032
/home/students/s0600208
/home/students/s62495
/home/students/s0600203
/home/students/s45523
/home/students/s62447
/home/students/s62645
/home/students/s0600220
/home/students/s0800356
/home/students/s0700104
/home/students/s0700105
/home/students/s62431
/home/students/s0600134
/home/students/s0700122
/home/students/s0600091
/home/students/s0600271
/home/students/s62188
/home/students/s0600146
/home/students/s0600155
/home/students/s0600252
/home/students/s62593
/home/students/s62623
/home/students/s0600251
/home/students/s62507
/home/students/s0600233
/home/students/s62473
/home/students/s0600120
/home/students/s62301
/home/students/s0600269
/home/students/s0600019
/home/students/s0600026
/home/students/s855364
/home/students/s62141
/home/students/s0600011
/home/students/s0600074
/home/students/s0600048
/home/students/s62040
/home/students/s8000003
/home/students/s0600125
/home/students/s8000034
/home/students/s62561
/home/students/s0900012
/home/students/s0700139
/home/students/s0600237
/home/students/s0600221
/home/students/s0600138
/home/students/s0600199
/home/students/s0900008
/home/students/s0600117
/home/students/s0600044
/home/students/s0600077
/home/students/s0600156
/home/students/s0600098
/home/students/s62487
/home/students/s0600013
/home/students/s0600210
/home/students/s45685
/home/students/s62585
/home/students/s62560
/home/students/s0600223
/home/students/s0600102
/home/students/s0600054
/home/students/s0600071
/home/students/s0600179
/home/students/s62602
/home/students/s62570
/home/students/s0600129
/home/students/s62609
/home/students/s62226
/home/students/s62568
/home/students/s45571
/home/students/s45515
/home/students/s62518
/home/students/s62205
/home/students/s0600152
/home/students/s0600246
/home/students/s0600194
/home/students/s0600255
/home/students/s62571
/home/students/s62426
/home/students/s0600130
/home/students/s0600118
/home/students/s45660
/home/students/s62266
/home/students/s0600162
/home/students/s0600169
/home/students/s62515
/home/students/s0600158
/home/students/s62588
/home/students/s0600168
/home/students/s62522
/home/students/s62565
/home/students/s0600039
/home/students/s0700164
/home/students/s0600159
/home/students/s8000009
/home/students/s0600055
/home/students/s0900001
/home/students/student
/home/students/s0600411
/home/students/s0600052
/home/students/s62598
/home/students/s62630
/home/students/s0600262
/home/students/s62520
/home/students/s0600121
/home/students/s0600057
/home/students/s0600189
/home/students/s0600110
/home/students/s62628
/home/students/s0600264
/home/students/s0600201
/home/students/s0600112
/home/students/s0600171
/home/students/s0600214
/home/students/s62513
/home/students/s0900010
/home/students/s0600066
/home/students/s62587
/home/students/s62551
/home/students/s0600213
/home/students/s45641
/home/students/s15036
/home/students/s62490
/home/students/s0700115
/home/students/s0600241
/home/students/s62467
/home/students/s0600067
/home/students/s0600236
/home/students/s0600235
/home/students/s0700109
/home/students/s0600173
/home/students/s0600216
/home/students/s0600225
/home/students/s0600234
/home/students/s0600240
/home/students/s0600174
/home/students/s0600064
/home/students/s62424
/home/students/s45508
/home/students/s0600195
/home/students/s0600040
/home/students/s0600065
/home/students/s0600087
/home/students/s0600072
/home/students/s0600033
/home/students/s0600254
/home/students/s62228
/home/students/s0600084
/home/students/s0600184
/home/students/s0900014
/home/students/s0600035
/home/students/s0600263
/home/students/s62417
/home/students/s0600014
/home/students/s0700130
/home/students/s0600212
/home/students/s62541
/home/students/s0600224
/home/students/s0600193
/home/students/s8000014
/home/students/s45774
/home/students/s0600145
/home/students/s8000010
/home/students/s62480
/home/students/s0600196
/home/students/s0600085
/home/students/s0600139
/home/students/s0600151
/home/students/s0600182
/home/students/s8000022
/home/students/s62621
/home/students/s0600268
/home/students/s0600165
/home/students/s62619
/home/students/s0600116
/home/students/s0600088
/home/students/s0600143
/home/students/s3100005
/home/students/s62476
/home/students/s62597
/home/students/s0600229
/home/students/s62559
/home/students/s855365
/home/students/s0600197
/home/students/s45709
/home/students/s0600248
/home/students/s0600123
/home/students/s0600003
/home/students/s62594
/home/students/s0600244
/home/students/s0600149
/home/students/s0600008
/home/students/s0600242
/home/students/s62300
/home/students/s0600231
/home/students/s0600226
/home/students/s62607
/home/students/s62608
/home/students/s62573
/home/students/s62364
/home/students/s0600147
/home/students/s0600163
/home/students/s0600027
/home/students/s855334
/home/students/s0600153
/home/students/s0600104
/home/students/s0600170
/home/students/s62512
/home/students/s0600187
/home/students/s62435
/home/students/s0600259
/home/students/s0600247
/home/students/s0600198
/home/students/s0600185
/home/students/s0600080
/home/students/s0600144
/home/students/s0600133
/home/students/s62539
/home/students/s0700117
/home/students/s62622
/home/students/s0600051
/home/lost+found
/home/velin/.config
/home/human
/home/rado
/sys/fs/pstore
/var/lib/private
/var/spool/rsyslog
/var/cache/atop.d
/var/cache/ldconfig
/var/cache/private
/var/log/private
/var/log/unattended-upgrades
