Васил Ляляков
Георги Ангелов
Моника Митрева
Николай Мендров
Минчо Христов
Спасиян Тодоров
Моника Арабска
Йоана Андонова
Мевля Расимова
Никол Неделчева
Андрей Тодоров
Ели Тръмбева
Антония Евтимова
Ангел Бохосян
Бояна Трайковска
Петър Марковски
Елис Рамаданова
Валентина Антимова
Иван Стойнев
Ивелин-Константин Тодоров
Георги Халдъров
Хари Христов
Александър Глушков
Ивайло Андреев
Рая Григорова
Владимир Великов
Калоян Пеевски
Диана Пантова
Веселин Борисов
Иван Макавеев
Павел Косанов
Михаела Хаджиковакева
Дария Лазарова
Христина Франгова
Силвана Николова
Цветелина Манчева
Маноела Баракова
Кристина Калемджиева
Костадин Русалов
Денис Цветков
Рада Димитрова
Милица Тончева
Данаил Тодоров
Станислава Желязкова
Силвия Земеделска
Ивайло Калайджиев
Дамян Георгиев
Лора Христова
Моника Ангелова
Надежда Савчева
Атанас Христов
Стефка Ляскалиева
Радина Овчарова
Катерина Тончева
Кристиан Викторов
Йонко Драганов
Мира Великова
Байрям Дерменджиев
Боримир Георгиев
Никола Топалов
Мартин Маринков
Найле Гавазова
Димитър Поповски
Петър Пращилов
Петър Кирилов
Виктория Крайнова
Камелия Тодорова
Боян Видолов
Гергана Дончева
Даниел Йорданов
Габриела Младенова
Михаил Йорданов
Кирил Георгиев
Стефан Шиваров
Валери Кръстев
Мирослав Стояновски
Калоян Романов
Иван Ангелов
Николай Радилов
Сашо Василчев
Красимир Цветанов
Десислава Любомирова
Виктория Гарджева
Пресияна Борисова
Георги Балтиев
Ян Анастасов
Асен Красимиров
Анастасия Маджарова
Полина Дончева
Елена Коркинова
Деница Рашкова
Венелина Андреева
Гергана Петрова
Наталиа Наколофски
Николай Тодоров
Никола Светославов
Анита Разпопова
Мирела Граматикова
Кристина Горанова
Ивона Думанова
Румен Димитров
Искендер Чобанов
Цветомир Гълъбов
Дейвид Каменов
Лияна Асенова
Петя Петрова
Йована Божилов
Христина Гаджева
Антоан Ивайлов
Пламена Стоянова
Анелия Керанова
Калин Костадинов
Виктор Христов
Мария Александрова
Росица Костова
Гергана Благоева
Лиляна Николова
Николина Петрова
Антония Христова
Пресиан Андрейчев
Ивана Драгнева
Константин Константинов
Десислава Белчева
Генади Николов
Екатерина Коджабашева
Павлин Маринов
Назифе Алиджик
Симеон Йорданов
Александър Киряков
Петър Николов
Стефания Цветкова
Русана Иванова
Виктория Петкова
Микаела Езекиева
Севда Иванова
Радостина Хаджиева
Никол Казанджиева
Атанас Спиртов
Надежда Койкова
Кирил Кирилов
Елизар Емануилов
Симона Асенова
Йоан Христов
Веселин Станишев
Юсуф Газинов
Катя Борисова
Габриела Димитрова
Александър Спиридонов
Адем Црънчалиев
Ирина Христова
Сияна Тодорова
Васил Андреев
Божидар Маринов
Ивана Дончевска
Йорданка Згурова
Павлета Станева
Стефани Стефанова
Йоанна Петкова
Петя Петрова
Станислав Игнатов
Васил Христов
Даниела Дишлянова
Лъчезар Цветков
Василка Терзиева
Моника Добринова
Иван Георгиев
Айлин Чеушева
Александър Маринов
Ива Бошнакова
Клементина Картевска
Бранка Стойева
Дарина Даилова
Драгомир Тодоров
Харут Партамиан
Борил Игнатов
Николай Георгиев
Магдалена Иванова
Николай Манански
Валерия Стояновска
Александър Ангелов
Геновева Кирилова
Десислава Симеонова
Едис Хасанов
Теодор Везенков
Йорданка Стоянова
Деница Дамбова
Тереза Димитрова
Кристина Кюркчиева
Александър Стоянов
Полина Петрова
Йолина Вълчева
Александра Ангелова
Жана Оракова
Мария Марковска
